Arguments: 
  /home/gismi/.nvm/versions/node/v17.3.1/bin/node /home/gismi/.nvm/versions/node/v17.3.1/bin/yarn

PATH: 
  /home/gismi/.nvm/versions/node/v17.3.1/bin:/bin:/bin:/usr/local/sbin:/usr/local/bin:/usr/sbin:/usr/bin:/sbin:/bin:/usr/games:/usr/local/games:/snap/bin:/snap/bin:/usr/lib/jvm/java-17-oracle/bin:/usr/lib/jvm/java-17-oracle/db/bin:/usr/lib/jvm/java-17-oracle/bin:/usr/lib/jvm/java-17-oracle/db/bin

Yarn version: 
  1.22.19

Node version: 
  17.3.1

Platform: 
  linux x64

Trace: 
  Error: EACCES: permission denied, mkdir '/home/gismi/ProjetosJava/curso-microserviços/Comunicacao-entre-microsservicos/auth-api/node_modules/lodash.includes'

npm manifest: 
  {
    "name": "auth-api",
    "version": "1.0.0",
    "description": "",
    "main": "index.js",
    "type": "module",
    "scripts": {
      "test": "echo \"Error: no test specified\" && exit 1",
      "start": "nodemon app.js"
    },
    "author": "",
    "license": "ISC",
    "dependencies": {
      "cors": "^2.8.5",
      "express": "^4.18.2",
      "jsonwebtoken": "^9.0.1"
    },
    "devDependencies": {
      "nodemon": "^3.0.1"
    }
  }

yarn manifest: 
  No manifest

Lockfile: 
  No lockfile
